<?xml version="1.0" encoding="UTF-8"?>
<testsuite xmlns:xsi="http://www.w3.org/2001/XMLSchema-instance" xsi:noNamespaceSchemaLocation="https://maven.apache.org/surefire/maven-surefire-plugin/xsd/surefire-test-report.xsd" name="com.krt.spboot.SpbootApplicationTests" time="8.604" tests="1" errors="0" skipped="0" failures="0">
  <properties>
    <property name="sun.desktop" value="windows"/>
    <property name="awt.toolkit" value="sun.awt.windows.WToolkit"/>
    <property name="file.encoding.pkg" value="sun.io"/>
    <property name="java.specification.version" value="1.8"/>
    <property name="sun.cpu.isalist" value="amd64"/>
    <property name="sun.jnu.encoding" value="GBK"/>
    <property name="java.class.path" value="D:\ideaWork\20190513spboot\spboot\target\test-classes;D:\ideaWork\20190513spboot\spboot\target\classes;E:\maven-package\org\springframework\boot\spring-boot-starter-web\2.0.3.RELEASE\spring-boot-starter-web-2.0.3.RELEASE.jar;E:\maven-package\org\springframework\boot\spring-boot-starter\2.0.3.RELEASE\spring-boot-starter-2.0.3.RELEASE.jar;E:\maven-package\org\springframework\boot\spring-boot\2.0.3.RELEASE\spring-boot-2.0.3.RELEASE.jar;E:\maven-package\org\springframework\boot\spring-boot-autoconfigure\2.0.3.RELEASE\spring-boot-autoconfigure-2.0.3.RELEASE.jar;E:\maven-package\org\springframework\boot\spring-boot-starter-logging\2.0.3.RELEASE\spring-boot-starter-logging-2.0.3.RELEASE.jar;E:\maven-package\ch\qos\logback\logback-classic\1.2.3\logback-classic-1.2.3.jar;E:\maven-package\ch\qos\logback\logback-core\1.2.3\logback-core-1.2.3.jar;E:\maven-package\org\apache\logging\log4j\log4j-to-slf4j\2.10.0\log4j-to-slf4j-2.10.0.jar;E:\maven-package\org\apache\logging\log4j\log4j-api\2.10.0\log4j-api-2.10.0.jar;E:\maven-package\org\slf4j\jul-to-slf4j\1.7.25\jul-to-slf4j-1.7.25.jar;E:\maven-package\org\yaml\snakeyaml\1.19\snakeyaml-1.19.jar;E:\maven-package\org\springframework\boot\spring-boot-starter-json\2.0.3.RELEASE\spring-boot-starter-json-2.0.3.RELEASE.jar;E:\maven-package\com\fasterxml\jackson\core\jackson-databind\2.9.6\jackson-databind-2.9.6.jar;E:\maven-package\com\fasterxml\jackson\core\jackson-core\2.9.6\jackson-core-2.9.6.jar;E:\maven-package\com\fasterxml\jackson\datatype\jackson-datatype-jdk8\2.9.6\jackson-datatype-jdk8-2.9.6.jar;E:\maven-package\com\fasterxml\jackson\datatype\jackson-datatype-jsr310\2.9.6\jackson-datatype-jsr310-2.9.6.jar;E:\maven-package\com\fasterxml\jackson\module\jackson-module-parameter-names\2.9.6\jackson-module-parameter-names-2.9.6.jar;E:\maven-package\org\hibernate\validator\hibernate-validator\6.0.10.Final\hibernate-validator-6.0.10.Final.jar;E:\maven-package\javax\validation\validation-api\2.0.1.Final\validation-api-2.0.1.Final.jar;E:\maven-package\org\jboss\logging\jboss-logging\3.3.2.Final\jboss-logging-3.3.2.Final.jar;E:\maven-package\org\springframework\spring-web\5.0.7.RELEASE\spring-web-5.0.7.RELEASE.jar;E:\maven-package\org\springframework\spring-beans\5.0.7.RELEASE\spring-beans-5.0.7.RELEASE.jar;E:\maven-package\org\springframework\spring-webmvc\5.0.7.RELEASE\spring-webmvc-5.0.7.RELEASE.jar;E:\maven-package\org\springframework\spring-aop\5.0.7.RELEASE\spring-aop-5.0.7.RELEASE.jar;E:\maven-package\org\springframework\spring-context\5.0.7.RELEASE\spring-context-5.0.7.RELEASE.jar;E:\maven-package\org\springframework\spring-expression\5.0.7.RELEASE\spring-expression-5.0.7.RELEASE.jar;E:\maven-package\org\springframework\boot\spring-boot-configuration-processor\2.0.3.RELEASE\spring-boot-configuration-processor-2.0.3.RELEASE.jar;E:\maven-package\org\springframework\boot\spring-boot-starter-freemarker\2.0.3.RELEASE\spring-boot-starter-freemarker-2.0.3.RELEASE.jar;E:\maven-package\org\freemarker\freemarker\2.3.28\freemarker-2.3.28.jar;E:\maven-package\org\springframework\spring-context-support\5.0.7.RELEASE\spring-context-support-5.0.7.RELEASE.jar;E:\maven-package\net\mingsoft\shiro-freemarker-tags\0.1\shiro-freemarker-tags-0.1.jar;E:\maven-package\org\apache\shiro\shiro-spring\1.3.2\shiro-spring-1.3.2.jar;E:\maven-package\org\apache\shiro\shiro-core\1.3.2\shiro-core-1.3.2.jar;E:\maven-package\commons-beanutils\commons-beanutils\1.8.3\commons-beanutils-1.8.3.jar;E:\maven-package\org\apache\shiro\shiro-web\1.3.2\shiro-web-1.3.2.jar;E:\maven-package\org\mybatis\spring\boot\mybatis-spring-boot-starter\1.1.1\mybatis-spring-boot-starter-1.1.1.jar;E:\maven-package\org\mybatis\spring\boot\mybatis-spring-boot-autoconfigure\1.1.1\mybatis-spring-boot-autoconfigure-1.1.1.jar;E:\maven-package\org\mybatis\mybatis\3.4.0\mybatis-3.4.0.jar;E:\maven-package\org\mybatis\mybatis-spring\1.3.0\mybatis-spring-1.3.0.jar;E:\maven-package\org\springframework\boot\spring-boot-starter-jdbc\2.0.3.RELEASE\spring-boot-starter-jdbc-2.0.3.RELEASE.jar;E:\maven-package\com\zaxxer\HikariCP\2.7.9\HikariCP-2.7.9.jar;E:\maven-package\org\springframework\spring-jdbc\5.0.7.RELEASE\spring-jdbc-5.0.7.RELEASE.jar;E:\maven-package\org\springframework\spring-tx\5.0.7.RELEASE\spring-tx-5.0.7.RELEASE.jar;E:\maven-package\mysql\mysql-connector-java\5.1.6\mysql-connector-java-5.1.6.jar;E:\maven-package\org\springframework\boot\spring-boot-starter-tomcat\2.0.3.RELEASE\spring-boot-starter-tomcat-2.0.3.RELEASE.jar;E:\maven-package\javax\annotation\javax.annotation-api\1.3.2\javax.annotation-api-1.3.2.jar;E:\maven-package\org\apache\tomcat\embed\tomcat-embed-core\8.5.31\tomcat-embed-core-8.5.31.jar;E:\maven-package\org\apache\tomcat\embed\tomcat-embed-el\8.5.31\tomcat-embed-el-8.5.31.jar;E:\maven-package\org\apache\tomcat\embed\tomcat-embed-websocket\8.5.31\tomcat-embed-websocket-8.5.31.jar;E:\maven-package\org\projectlombok\lombok\1.16.22\lombok-1.16.22.jar;E:\maven-package\io\springfox\springfox-swagger2\2.4.0\springfox-swagger2-2.4.0.jar;E:\maven-package\io\swagger\swagger-annotations\1.5.6\swagger-annotations-1.5.6.jar;E:\maven-package\io\swagger\swagger-models\1.5.6\swagger-models-1.5.6.jar;E:\maven-package\com\fasterxml\jackson\core\jackson-annotations\2.9.0\jackson-annotations-2.9.0.jar;E:\maven-package\io\springfox\springfox-spi\2.4.0\springfox-spi-2.4.0.jar;E:\maven-package\io\springfox\springfox-core\2.4.0\springfox-core-2.4.0.jar;E:\maven-package\io\springfox\springfox-schema\2.4.0\springfox-schema-2.4.0.jar;E:\maven-package\io\springfox\springfox-swagger-common\2.4.0\springfox-swagger-common-2.4.0.jar;E:\maven-package\io\springfox\springfox-spring-web\2.4.0\springfox-spring-web-2.4.0.jar;E:\maven-package\com\google\guava\guava\18.0\guava-18.0.jar;E:\maven-package\com\fasterxml\classmate\1.3.4\classmate-1.3.4.jar;E:\maven-package\org\slf4j\slf4j-api\1.7.25\slf4j-api-1.7.25.jar;E:\maven-package\org\springframework\plugin\spring-plugin-core\1.2.0.RELEASE\spring-plugin-core-1.2.0.RELEASE.jar;E:\maven-package\org\springframework\plugin\spring-plugin-metadata\1.2.0.RELEASE\spring-plugin-metadata-1.2.0.RELEASE.jar;E:\maven-package\io\springfox\springfox-swagger-ui\2.4.0\springfox-swagger-ui-2.4.0.jar;E:\maven-package\log4j\log4j\1.2.17\log4j-1.2.17.jar;E:\maven-package\org\springframework\boot\spring-boot-starter-test\2.0.3.RELEASE\spring-boot-starter-test-2.0.3.RELEASE.jar;E:\maven-package\org\springframework\boot\spring-boot-test\2.0.3.RELEASE\spring-boot-test-2.0.3.RELEASE.jar;E:\maven-package\org\springframework\boot\spring-boot-test-autoconfigure\2.0.3.RELEASE\spring-boot-test-autoconfigure-2.0.3.RELEASE.jar;E:\maven-package\com\jayway\jsonpath\json-path\2.4.0\json-path-2.4.0.jar;E:\maven-package\net\minidev\json-smart\2.3\json-smart-2.3.jar;E:\maven-package\net\minidev\accessors-smart\1.2\accessors-smart-1.2.jar;E:\maven-package\org\ow2\asm\asm\5.0.4\asm-5.0.4.jar;E:\maven-package\junit\junit\4.12\junit-4.12.jar;E:\maven-package\org\assertj\assertj-core\3.9.1\assertj-core-3.9.1.jar;E:\maven-package\org\mockito\mockito-core\2.15.0\mockito-core-2.15.0.jar;E:\maven-package\net\bytebuddy\byte-buddy\1.7.11\byte-buddy-1.7.11.jar;E:\maven-package\net\bytebuddy\byte-buddy-agent\1.7.11\byte-buddy-agent-1.7.11.jar;E:\maven-package\org\objenesis\objenesis\2.6\objenesis-2.6.jar;E:\maven-package\org\hamcrest\hamcrest-core\1.3\hamcrest-core-1.3.jar;E:\maven-package\org\hamcrest\hamcrest-library\1.3\hamcrest-library-1.3.jar;E:\maven-package\org\skyscreamer\jsonassert\1.5.0\jsonassert-1.5.0.jar;E:\maven-package\com\vaadin\external\google\android-json\0.0.20131108.vaadin1\android-json-0.0.20131108.vaadin1.jar;E:\maven-package\org\springframework\spring-core\5.0.7.RELEASE\spring-core-5.0.7.RELEASE.jar;E:\maven-package\org\springframework\spring-jcl\5.0.7.RELEASE\spring-jcl-5.0.7.RELEASE.jar;E:\maven-package\org\springframework\spring-test\5.0.7.RELEASE\spring-test-5.0.7.RELEASE.jar;E:\maven-package\org\xmlunit\xmlunit-core\2.5.1\xmlunit-core-2.5.1.jar;"/>
    <property name="java.vm.vendor" value="Oracle Corporation"/>
    <property name="sun.arch.data.model" value="64"/>
    <property name="user.variant" value=""/>
    <property name="java.vendor.url" value="http://java.oracle.com/"/>
    <property name="user.timezone" value=""/>
    <property name="java.vm.specification.version" value="1.8"/>
    <property name="os.name" value="Windows 10"/>
    <property name="user.country" value="CN"/>
    <property name="sun.java.launcher" value="SUN_STANDARD"/>
    <property name="sun.boot.library.path" value="C:\Program Files\Java\jdk1.8.0_172\jre\bin"/>
    <property name="sun.java.command" value="C:\Users\mengmeng\AppData\Local\Temp\surefire1189893743648227532\surefirebooter7896676858302869633.jar C:\Users\mengmeng\AppData\Local\Temp\surefire1189893743648227532 2019-06-04T09-16-37_318-jvmRun1 surefire1051840718931356927tmp surefire_02530135507105383406tmp"/>
    <property name="surefire.test.class.path" value="D:\ideaWork\20190513spboot\spboot\target\test-classes;D:\ideaWork\20190513spboot\spboot\target\classes;E:\maven-package\org\springframework\boot\spring-boot-starter-web\2.0.3.RELEASE\spring-boot-starter-web-2.0.3.RELEASE.jar;E:\maven-package\org\springframework\boot\spring-boot-starter\2.0.3.RELEASE\spring-boot-starter-2.0.3.RELEASE.jar;E:\maven-package\org\springframework\boot\spring-boot\2.0.3.RELEASE\spring-boot-2.0.3.RELEASE.jar;E:\maven-package\org\springframework\boot\spring-boot-autoconfigure\2.0.3.RELEASE\spring-boot-autoconfigure-2.0.3.RELEASE.jar;E:\maven-package\org\springframework\boot\spring-boot-starter-logging\2.0.3.RELEASE\spring-boot-starter-logging-2.0.3.RELEASE.jar;E:\maven-package\ch\qos\logback\logback-classic\1.2.3\logback-classic-1.2.3.jar;E:\maven-package\ch\qos\logback\logback-core\1.2.3\logback-core-1.2.3.jar;E:\maven-package\org\apache\logging\log4j\log4j-to-slf4j\2.10.0\log4j-to-slf4j-2.10.0.jar;E:\maven-package\org\apache\logging\log4j\log4j-api\2.10.0\log4j-api-2.10.0.jar;E:\maven-package\org\slf4j\jul-to-slf4j\1.7.25\jul-to-slf4j-1.7.25.jar;E:\maven-package\org\yaml\snakeyaml\1.19\snakeyaml-1.19.jar;E:\maven-package\org\springframework\boot\spring-boot-starter-json\2.0.3.RELEASE\spring-boot-starter-json-2.0.3.RELEASE.jar;E:\maven-package\com\fasterxml\jackson\core\jackson-databind\2.9.6\jackson-databind-2.9.6.jar;E:\maven-package\com\fasterxml\jackson\core\jackson-core\2.9.6\jackson-core-2.9.6.jar;E:\maven-package\com\fasterxml\jackson\datatype\jackson-datatype-jdk8\2.9.6\jackson-datatype-jdk8-2.9.6.jar;E:\maven-package\com\fasterxml\jackson\datatype\jackson-datatype-jsr310\2.9.6\jackson-datatype-jsr310-2.9.6.jar;E:\maven-package\com\fasterxml\jackson\module\jackson-module-parameter-names\2.9.6\jackson-module-parameter-names-2.9.6.jar;E:\maven-package\org\hibernate\validator\hibernate-validator\6.0.10.Final\hibernate-validator-6.0.10.Final.jar;E:\maven-package\javax\validation\validation-api\2.0.1.Final\validation-api-2.0.1.Final.jar;E:\maven-package\org\jboss\logging\jboss-logging\3.3.2.Final\jboss-logging-3.3.2.Final.jar;E:\maven-package\org\springframework\spring-web\5.0.7.RELEASE\spring-web-5.0.7.RELEASE.jar;E:\maven-package\org\springframework\spring-beans\5.0.7.RELEASE\spring-beans-5.0.7.RELEASE.jar;E:\maven-package\org\springframework\spring-webmvc\5.0.7.RELEASE\spring-webmvc-5.0.7.RELEASE.jar;E:\maven-package\org\springframework\spring-aop\5.0.7.RELEASE\spring-aop-5.0.7.RELEASE.jar;E:\maven-package\org\springframework\spring-context\5.0.7.RELEASE\spring-context-5.0.7.RELEASE.jar;E:\maven-package\org\springframework\spring-expression\5.0.7.RELEASE\spring-expression-5.0.7.RELEASE.jar;E:\maven-package\org\springframework\boot\spring-boot-configuration-processor\2.0.3.RELEASE\spring-boot-configuration-processor-2.0.3.RELEASE.jar;E:\maven-package\org\springframework\boot\spring-boot-starter-freemarker\2.0.3.RELEASE\spring-boot-starter-freemarker-2.0.3.RELEASE.jar;E:\maven-package\org\freemarker\freemarker\2.3.28\freemarker-2.3.28.jar;E:\maven-package\org\springframework\spring-context-support\5.0.7.RELEASE\spring-context-support-5.0.7.RELEASE.jar;E:\maven-package\net\mingsoft\shiro-freemarker-tags\0.1\shiro-freemarker-tags-0.1.jar;E:\maven-package\org\apache\shiro\shiro-spring\1.3.2\shiro-spring-1.3.2.jar;E:\maven-package\org\apache\shiro\shiro-core\1.3.2\shiro-core-1.3.2.jar;E:\maven-package\commons-beanutils\commons-beanutils\1.8.3\commons-beanutils-1.8.3.jar;E:\maven-package\org\apache\shiro\shiro-web\1.3.2\shiro-web-1.3.2.jar;E:\maven-package\org\mybatis\spring\boot\mybatis-spring-boot-starter\1.1.1\mybatis-spring-boot-starter-1.1.1.jar;E:\maven-package\org\mybatis\spring\boot\mybatis-spring-boot-autoconfigure\1.1.1\mybatis-spring-boot-autoconfigure-1.1.1.jar;E:\maven-package\org\mybatis\mybatis\3.4.0\mybatis-3.4.0.jar;E:\maven-package\org\mybatis\mybatis-spring\1.3.0\mybatis-spring-1.3.0.jar;E:\maven-package\org\springframework\boot\spring-boot-starter-jdbc\2.0.3.RELEASE\spring-boot-starter-jdbc-2.0.3.RELEASE.jar;E:\maven-package\com\zaxxer\HikariCP\2.7.9\HikariCP-2.7.9.jar;E:\maven-package\org\springframework\spring-jdbc\5.0.7.RELEASE\spring-jdbc-5.0.7.RELEASE.jar;E:\maven-package\org\springframework\spring-tx\5.0.7.RELEASE\spring-tx-5.0.7.RELEASE.jar;E:\maven-package\mysql\mysql-connector-java\5.1.6\mysql-connector-java-5.1.6.jar;E:\maven-package\org\springframework\boot\spring-boot-starter-tomcat\2.0.3.RELEASE\spring-boot-starter-tomcat-2.0.3.RELEASE.jar;E:\maven-package\javax\annotation\javax.annotation-api\1.3.2\javax.annotation-api-1.3.2.jar;E:\maven-package\org\apache\tomcat\embed\tomcat-embed-core\8.5.31\tomcat-embed-core-8.5.31.jar;E:\maven-package\org\apache\tomcat\embed\tomcat-embed-el\8.5.31\tomcat-embed-el-8.5.31.jar;E:\maven-package\org\apache\tomcat\embed\tomcat-embed-websocket\8.5.31\tomcat-embed-websocket-8.5.31.jar;E:\maven-package\org\projectlombok\lombok\1.16.22\lombok-1.16.22.jar;E:\maven-package\io\springfox\springfox-swagger2\2.4.0\springfox-swagger2-2.4.0.jar;E:\maven-package\io\swagger\swagger-annotations\1.5.6\swagger-annotations-1.5.6.jar;E:\maven-package\io\swagger\swagger-models\1.5.6\swagger-models-1.5.6.jar;E:\maven-package\com\fasterxml\jackson\core\jackson-annotations\2.9.0\jackson-annotations-2.9.0.jar;E:\maven-package\io\springfox\springfox-spi\2.4.0\springfox-spi-2.4.0.jar;E:\maven-package\io\springfox\springfox-core\2.4.0\springfox-core-2.4.0.jar;E:\maven-package\io\springfox\springfox-schema\2.4.0\springfox-schema-2.4.0.jar;E:\maven-package\io\springfox\springfox-swagger-common\2.4.0\springfox-swagger-common-2.4.0.jar;E:\maven-package\io\springfox\springfox-spring-web\2.4.0\springfox-spring-web-2.4.0.jar;E:\maven-package\com\google\guava\guava\18.0\guava-18.0.jar;E:\maven-package\com\fasterxml\classmate\1.3.4\classmate-1.3.4.jar;E:\maven-package\org\slf4j\slf4j-api\1.7.25\slf4j-api-1.7.25.jar;E:\maven-package\org\springframework\plugin\spring-plugin-core\1.2.0.RELEASE\spring-plugin-core-1.2.0.RELEASE.jar;E:\maven-package\org\springframework\plugin\spring-plugin-metadata\1.2.0.RELEASE\spring-plugin-metadata-1.2.0.RELEASE.jar;E:\maven-package\io\springfox\springfox-swagger-ui\2.4.0\springfox-swagger-ui-2.4.0.jar;E:\maven-package\log4j\log4j\1.2.17\log4j-1.2.17.jar;E:\maven-package\org\springframework\boot\spring-boot-starter-test\2.0.3.RELEASE\spring-boot-starter-test-2.0.3.RELEASE.jar;E:\maven-package\org\springframework\boot\spring-boot-test\2.0.3.RELEASE\spring-boot-test-2.0.3.RELEASE.jar;E:\maven-package\org\springframework\boot\spring-boot-test-autoconfigure\2.0.3.RELEASE\spring-boot-test-autoconfigure-2.0.3.RELEASE.jar;E:\maven-package\com\jayway\jsonpath\json-path\2.4.0\json-path-2.4.0.jar;E:\maven-package\net\minidev\json-smart\2.3\json-smart-2.3.jar;E:\maven-package\net\minidev\accessors-smart\1.2\accessors-smart-1.2.jar;E:\maven-package\org\ow2\asm\asm\5.0.4\asm-5.0.4.jar;E:\maven-package\junit\junit\4.12\junit-4.12.jar;E:\maven-package\org\assertj\assertj-core\3.9.1\assertj-core-3.9.1.jar;E:\maven-package\org\mockito\mockito-core\2.15.0\mockito-core-2.15.0.jar;E:\maven-package\net\bytebuddy\byte-buddy\1.7.11\byte-buddy-1.7.11.jar;E:\maven-package\net\bytebuddy\byte-buddy-agent\1.7.11\byte-buddy-agent-1.7.11.jar;E:\maven-package\org\objenesis\objenesis\2.6\objenesis-2.6.jar;E:\maven-package\org\hamcrest\hamcrest-core\1.3\hamcrest-core-1.3.jar;E:\maven-package\org\hamcrest\hamcrest-library\1.3\hamcrest-library-1.3.jar;E:\maven-package\org\skyscreamer\jsonassert\1.5.0\jsonassert-1.5.0.jar;E:\maven-package\com\vaadin\external\google\android-json\0.0.20131108.vaadin1\android-json-0.0.20131108.vaadin1.jar;E:\maven-package\org\springframework\spring-core\5.0.7.RELEASE\spring-core-5.0.7.RELEASE.jar;E:\maven-package\org\springframework\spring-jcl\5.0.7.RELEASE\spring-jcl-5.0.7.RELEASE.jar;E:\maven-package\org\springframework\spring-test\5.0.7.RELEASE\spring-test-5.0.7.RELEASE.jar;E:\maven-package\org\xmlunit\xmlunit-core\2.5.1\xmlunit-core-2.5.1.jar;"/>
    <property name="sun.cpu.endian" value="little"/>
    <property name="user.home" value="C:\Users\mengmeng"/>
    <property name="user.language" value="zh"/>
    <property name="java.specification.vendor" value="Oracle Corporation"/>
    <property name="java.home" value="C:\Program Files\Java\jdk1.8.0_172\jre"/>
    <property name="basedir" value="D:\ideaWork\20190513spboot\spboot"/>
    <property name="file.separator" value="\"/>
    <property name="line.separator" value="&#10;"/>
    <property name="java.vm.specification.vendor" value="Oracle Corporation"/>
    <property name="java.specification.name" value="Java Platform API Specification"/>
    <property name="java.awt.graphicsenv" value="sun.awt.Win32GraphicsEnvironment"/>
    <property name="surefire.real.class.path" value="C:\Users\mengmeng\AppData\Local\Temp\surefire1189893743648227532\surefirebooter7896676858302869633.jar"/>
    <property name="sun.boot.class.path" value="C:\Program Files\Java\jdk1.8.0_172\jre\lib\resources.jar;C:\Program Files\Java\jdk1.8.0_172\jre\lib\rt.jar;C:\Program Files\Java\jdk1.8.0_172\jre\lib\sunrsasign.jar;C:\Program Files\Java\jdk1.8.0_172\jre\lib\jsse.jar;C:\Program Files\Java\jdk1.8.0_172\jre\lib\jce.jar;C:\Program Files\Java\jdk1.8.0_172\jre\lib\charsets.jar;C:\Program Files\Java\jdk1.8.0_172\jre\lib\jfr.jar;C:\Program Files\Java\jdk1.8.0_172\jre\classes"/>
    <property name="user.script" value=""/>
    <property name="sun.management.compiler" value="HotSpot 64-Bit Tiered Compilers"/>
    <property name="java.runtime.version" value="1.8.0_172-b11"/>
    <property name="user.name" value="mengmeng"/>
    <property name="path.separator" value=";"/>
    <property name="os.version" value="10.0"/>
    <property name="java.endorsed.dirs" value="C:\Program Files\Java\jdk1.8.0_172\jre\lib\endorsed"/>
    <property name="java.runtime.name" value="Java(TM) SE Runtime Environment"/>
    <property name="file.encoding" value="GBK"/>
    <property name="java.vm.name" value="Java HotSpot(TM) 64-Bit Server VM"/>
    <property name="localRepository" value="E:\maven-package"/>
    <property name="java.vendor.url.bug" value="http://bugreport.sun.com/bugreport/"/>
    <property name="java.io.tmpdir" value="C:\Users\mengmeng\AppData\Local\Temp\"/>
    <property name="idea.version" value="2018.3.3"/>
    <property name="java.version" value="1.8.0_172"/>
    <property name="user.dir" value="D:\ideaWork\20190513spboot\spboot"/>
    <property name="os.arch" value="amd64"/>
    <property name="java.vm.specification.name" value="Java Virtual Machine Specification"/>
    <property name="java.awt.printerjob" value="sun.awt.windows.WPrinterJob"/>
    <property name="sun.os.patch.level" value=""/>
    <property name="java.library.path" value="C:\Program Files\Java\jdk1.8.0_172\jre\bin;C:\Windows\Sun\Java\bin;C:\Windows\system32;C:\Windows;D:\Program Files\Xshell6\;D:\Program Files\NetSarang\Xftp 6\;&quot;;E:\apache-maven-3.5.2\bin&quot;;C:\Program Files (x86)\Common Files\Oracle\Java\javapath;C:\Windows\system32;C:\Windows;C:\Windows\System32\Wbem;C:\Windows\System32\WindowsPowerShell\v1.0\;C:\Windows\System32\OpenSSH\;&quot;C:\Program Files\Java\jdk1.8.0_172\bin;C:\Program Files\Java\jdk1.8.0_172\jre\bin;&quot;;E:\TortoiseSVN\bin;E:\apache-tomcat-8.0.48bin;C:\Program Files (x86)\Microsoft SQL Server\80\Tools\Binn\;D:\Program Files\Microsoft SQL Server\90\DTS\Binn\;D:\Program Files\Microsoft SQL Server\90\Tools\binn\;C:\Program Files (x86)\Microsoft SQL Server\90\Tools\binn\;C:\Program Files (x86)\Microsoft SQL Server\Client SDK\ODBC\130\Tools\Binn\;C:\Program Files (x86)\Microsoft SQL Server\140\Tools\Binn\;C:\Program Files (x86)\Microsoft SQL Server\140\DTS\Binn\;C:\Program Files (x86)\Microsoft SQL Server\140\Tools\Binn\ManagementStudio\;C:\Users\mengmeng\AppData\Local\Microsoft\WindowsApps;;."/>
    <property name="java.vm.info" value="mixed mode"/>
    <property name="java.vendor" value="Oracle Corporation"/>
    <property name="java.vm.version" value="25.172-b11"/>
    <property name="java.ext.dirs" value="C:\Program Files\Java\jdk1.8.0_172\jre\lib\ext;C:\Windows\Sun\Java\lib\ext"/>
    <property name="sun.io.unicode.encoding" value="UnicodeLittle"/>
    <property name="java.class.version" value="52.0"/>
  </properties>
  <testcase name="contextLoads" classname="com.krt.spboot.SpbootApplicationTests" time="0.141"/>
</testsuite>